{"uuid":"b069fdf8-a987-45c5-8ff4-4f5306704c00","historyId":"533f4d10ff1847ca4b68c8ca54e0b9f4","fullName":"com.qa.api.tests.ProductAPIWithDeserializeTest.getProductsTest_With_POJO_Desierlization","labels":[{"name":"package","value":"com.qa.api.tests.ProductAPIWithDeserializeTest"},{"name":"testClass","value":"com.qa.api.tests.ProductAPIWithDeserializeTest"},{"name":"testMethod","value":"getProductsTest_With_POJO_Desierlization"},{"name":"parentSuite","value":"Default suite"},{"name":"suite","value":"Default test"},{"name":"subSuite","value":"com.qa.api.tests.ProductAPIWithDeserializeTest"},{"name":"host","value":"192.168.1.9"},{"name":"thread","value":"57238@192.168.1.9.main(1)"},{"name":"framework","value":"testng"},{"name":"language","value":"java"}],"links":[],"name":"getProductsTest_With_POJO_Desierlization","status":"broken","statusDetails":{"known":false,"muted":false,"flaky":false,"message":"Failed to deserialize response body to [Lcom.qa.api.pojo.Product;","trace":"java.lang.RuntimeException: Failed to deserialize response body to [Lcom.qa.api.pojo.Product;\n\tat com.qa.api.utils.JsonUtils.deserialize(JsonUtils.java:17)\n\tat com.qa.api.tests.ProductAPIWithDeserializeTest.getProductsTest_With_POJO_Desierlization(ProductAPIWithDeserializeTest.java:21)\n\tat sun.reflect.NativeMethodAccessorImpl.invoke0(Native Method)\n\tat sun.reflect.NativeMethodAccessorImpl.invoke(NativeMethodAccessorImpl.java:62)\n\tat sun.reflect.DelegatingMethodAccessorImpl.invoke(DelegatingMethodAccessorImpl.java:43)\n\tat java.lang.reflect.Method.invoke(Method.java:498)\n\tat org.testng.internal.MethodInvocationHelper.invokeMethod(MethodInvocationHelper.java:133)\n\tat org.testng.internal.TestInvoker.invokeMethod(TestInvoker.java:584)\n\tat org.testng.internal.TestInvoker.invokeTestMethod(TestInvoker.java:172)\n\tat org.testng.internal.MethodRunner.runInSequence(MethodRunner.java:46)\n\tat org.testng.internal.TestInvoker$MethodInvocationAgent.invoke(TestInvoker.java:804)\n\tat org.testng.internal.TestInvoker.invokeTestMethods(TestInvoker.java:145)\n\tat org.testng.internal.TestMethodWorker.invokeTestMethods(TestMethodWorker.java:146)\n\tat org.testng.internal.TestMethodWorker.run(TestMethodWorker.java:128)\n\tat java.util.ArrayList.forEach(ArrayList.java:1259)\n\tat org.testng.TestRunner.privateRun(TestRunner.java:770)\n\tat org.testng.TestRunner.run(TestRunner.java:591)\n\tat org.testng.SuiteRunner.runTest(SuiteRunner.java:402)\n\tat org.testng.SuiteRunner.runSequentially(SuiteRunner.java:396)\n\tat org.testng.SuiteRunner.privateRun(SuiteRunner.java:355)\n\tat org.testng.SuiteRunner.run(SuiteRunner.java:304)\n\tat org.testng.SuiteRunnerWorker.runSuite(SuiteRunnerWorker.java:53)\n\tat org.testng.SuiteRunnerWorker.run(SuiteRunnerWorker.java:96)\n\tat org.testng.TestNG.runSuitesSequentially(TestNG.java:1180)\n\tat org.testng.TestNG.runSuitesLocally(TestNG.java:1102)\n\tat org.testng.TestNG.runSuites(TestNG.java:1032)\n\tat org.testng.TestNG.run(TestNG.java:1000)\n\tat org.testng.remote.AbstractRemoteTestNG.run(AbstractRemoteTestNG.java:115)\n\tat org.testng.remote.RemoteTestNG.initAndRun(RemoteTestNG.java:251)\n\tat org.testng.remote.RemoteTestNG.main(RemoteTestNG.java:77)\nCaused by: com.fasterxml.jackson.core.JsonParseException: Unexpected character ('<' (code 60)): expected a valid value (JSON String, Number, Array, Object or token 'null', 'true' or 'false')\n at [Source: (String)\"<!DOCTYPE html><html><head><meta charset=\"utf-8\" /><meta content=\"width=device-width, initial-scale=1, shrink-to-fit=no\" name=\"viewport\" /><link href=\"/favicon.ico\" rel=\"icon\" type=\"image/x-icon\" /><title>Page Not Found | GO REST</title><meta name=\"csrf-param\" content=\"authenticity_token\" />\n<meta name=\"csrf-token\" content=\"tvImfimpHnQIJ_Rz-vtScZCU5_Q3n5uwIcKSHL2mD_9WlDu6YlbrFKuQXh_ZqP7F4EjCuwIZ3E3t5j7fraBpoQ\" /><link rel=\"stylesheet\" href=\"/assets/application-6286ef85f8dd095e49957bfc5b0cba0b68d\"[truncated 3165 chars]; line: 1, column: 2]\n\tat com.fasterxml.jackson.core.JsonParser._constructError(JsonParser.java:2477)\n\tat com.fasterxml.jackson.core.base.ParserMinimalBase._reportError(ParserMinimalBase.java:750)\n\tat com.fasterxml.jackson.core.base.ParserMinimalBase._reportUnexpectedChar(ParserMinimalBase.java:674)\n\tat com.fasterxml.jackson.core.json.ReaderBasedJsonParser._handleOddValue(ReaderBasedJsonParser.java:2085)\n\tat com.fasterxml.jackson.core.json.ReaderBasedJsonParser.nextToken(ReaderBasedJsonParser.java:808)\n\tat com.fasterxml.jackson.databind.ObjectMapper._initForReading(ObjectMapper.java:4912)\n\tat com.fasterxml.jackson.databind.ObjectMapper._readMapAndClose(ObjectMapper.java:4818)\n\tat com.fasterxml.jackson.databind.ObjectMapper.readValue(ObjectMapper.java:3772)\n\tat com.fasterxml.jackson.databind.ObjectMapper.readValue(ObjectMapper.java:3740)\n\tat com.qa.api.utils.JsonUtils.deserialize(JsonUtils.java:15)\n\t... 29 more\n"},"stage":"finished","steps":[],"attachments":[{"name":"Request","source":"878bf930-44cb-410b-bed2-d9dd02b698cc-attachment.html","type":"text/html"},{"name":"HTTP/1.1 404 Not Found","source":"e053d165-4fe5-47df-81ed-7b1644cefcd2-attachment.html","type":"text/html"}],"parameters":[],"start":1729161973606,"stop":1729161976457}